<?xml version="1.0" encoding="UTF-8"?>
<!-- Generated by org.testng.reporters.JUnitXMLReporter -->
<testsuite ignored="0" hostname="LAP-GES-30" failures="0" tests="6" name="Firefox" time="0.033" errors="0" timestamp="2023-07-19T21:46:29 IST">
  <testcase classname="testPackages.TestClassTNG2" name="test1" time="0.002"/>
  <testcase classname="testPackages.TestClassTNG2" name="test2" time="0.001"/>
  <testcase classname="testPackages.TestClassTNG2" name="test3" time="0.001"/>
  <testcase classname="testPackages.TestClassTNG1" name="test1" time="0.001"/>
  <testcase classname="testPackages.TestClassTNG1" name="test2" time="0.003"/>
  <testcase classname="testPackages.TestClassTNG1" name="test3" time="0.001"/>
</testsuite> <!-- Firefox -->
