<?xml version="1.0" encoding="UTF-8"?>
<!-- Generated by org.testng.reporters.JUnitXMLReporter -->
<testsuite ignored="0" hostname="LAP-GES-30" failures="0" tests="6" name="TeFirefoxst" time="0.073" errors="0" timestamp="2023-07-14T23:02:02 IST">
  <testcase classname="testPackages.TestClassTNG1" name="test1" time="0.005"/>
  <testcase classname="testPackages.TestClassTNG2" name="test1" time="0.009"/>
  <testcase classname="testPackages.TestClassTNG1" name="test2" time="0.005"/>
  <testcase classname="testPackages.TestClassTNG2" name="test2" time="0.004"/>
  <testcase classname="testPackages.TestClassTNG1" name="test3" time="0.005"/>
  <testcase classname="testPackages.TestClassTNG2" name="test3" time="0.004"/>
</testsuite> <!-- TeFirefoxst -->
