<?xml version="1.0" encoding="UTF-8"?>
<!-- Generated by org.testng.reporters.JUnitXMLReporter -->
<testsuite ignored="2" hostname="LAP-GES-30" failures="1" tests="2" name="test" time="13.3" errors="0" timestamp="2023-08-28T00:13:15 IST">
  <testcase classname="testPackages.LoginTestClass" name="VerifyFunctionalityWithCorrectData" time="7.585"/>
  <testcase classname="testPackages.LoginTestClass" name="VerifyFunctionalityWithInCorrectData" time="0.002">
    <failure type="java.lang.AssertionError" message="null">
      <![CDATA[java.lang.AssertionError: null
at testPackages.LoginTestClass.VerifyFunctionalityWithInCorrectData(LoginTestClass.java:88)
at java.base/java.util.ArrayList.forEach(ArrayList.java:1511)
... Removed 27 stack frames]]>
    </failure>
  </testcase> <!-- VerifyFunctionalityWithInCorrectData -->
  <testcase classname="testPackages.BaseClass" name="@BeforeTest beforeTest" time="0.0">
    <ignored/>
  </testcase> <!-- @BeforeTest beforeTest -->
  <testcase classname="testPackages.BaseClass" name="@AfterTest afterTest" time="0.0">
    <ignored/>
  </testcase> <!-- @AfterTest afterTest -->
</testsuite> <!-- test -->
